TN:
SF:src/cr-transclude.directive.js
FN:11,(anonymous_0)
FN:13,ngTranscludeCompile
FN:18,ngTranscludePostLink
FN:28,useFallbackContent
FN:31,(anonymous_4)
FN:36,updateScope
FN:44,notWhitespace
FN:55,ngTranscludeCloneAttachFn
FN:90,(anonymous_8)
FNF:9
FNH:7
FNDA:1,(anonymous_0)
FNDA:1,ngTranscludeCompile
FNDA:2,ngTranscludePostLink
FNDA:0,useFallbackContent
FNDA:0,(anonymous_4)
FNDA:4,updateScope
FNDA:2,notWhitespace
FNDA:2,ngTranscludeCloneAttachFn
FNDA:2,(anonymous_8)
DA:7,1
DA:9,1
DA:11,1
DA:15,1
DA:16,1
DA:18,1
DA:25,2
DA:26,2
DA:31,0
DA:32,0
DA:37,4
DA:38,2
DA:41,2
DA:45,2
DA:46,4
DA:47,4
DA:48,2
DA:52,0
DA:56,2
DA:57,2
DA:58,2
DA:59,2
DA:61,0
DA:67,0
DA:71,2
DA:72,0
DA:84,2
DA:86,2
DA:88,2
DA:90,2
DA:91,2
DA:92,2
DA:99,2
DA:105,2
DA:106,0
LF:35
LH:28
BRDA:37,0,0,2
BRDA:37,0,1,2
BRDA:37,1,0,4
BRDA:37,1,1,4
BRDA:47,2,0,2
BRDA:47,2,1,2
BRDA:47,3,0,4
BRDA:47,3,1,2
BRDA:56,4,0,2
BRDA:56,4,1,0
BRDA:56,5,0,2
BRDA:56,5,1,2
BRDA:71,6,0,0
BRDA:71,6,1,2
BRDA:84,7,0,2
BRDA:84,7,1,0
BRDA:88,8,0,2
BRDA:88,8,1,2
BRDA:105,9,0,0
BRDA:105,9,1,2
BRDA:105,10,0,2
BRDA:105,10,1,0
BRF:22
BRH:17
end_of_record
TN:
SF:src/declare-cr-transclude-module.js
FN:5,declareCrTranscludeModule
FNF:1
FNH:1
FNDA:1,declareCrTranscludeModule
DA:6,1
DA:8,1
DA:10,1
LF:3
LH:3
BRF:0
BRH:0
end_of_record
