TN:
SF:src/cr-transclude.directive.js
FN:11,(anonymous_0)
FN:13,crTranscludeCompile
FN:18,crTranscludePostLink
FN:28,useFallbackContent
FN:31,(anonymous_4)
FN:36,updateScope
FN:44,notWhitespace
FN:55,transcludeCloneAttachFn
FN:90,(anonymous_8)
FNF:9
FNH:9
FNDA:5,(anonymous_0)
FNDA:9,crTranscludeCompile
FNDA:12,crTranscludePostLink
FNDA:2,useFallbackContent
FNDA:2,(anonymous_4)
FNDA:24,updateScope
FNDA:10,notWhitespace
FNDA:10,transcludeCloneAttachFn
FNDA:14,(anonymous_8)
DA:7,1
DA:9,1
DA:11,5
DA:15,9
DA:16,9
DA:18,9
DA:25,12
DA:26,12
DA:31,2
DA:32,2
DA:37,24
DA:38,16
DA:41,8
DA:45,10
DA:46,16
DA:47,16
DA:48,10
DA:52,0
DA:56,10
DA:57,10
DA:58,10
DA:59,10
DA:61,0
DA:67,0
DA:71,12
DA:72,0
DA:84,12
DA:86,6
DA:88,12
DA:90,12
DA:91,14
DA:92,14
DA:99,12
DA:105,12
DA:106,2
LF:35
LH:31
BRDA:37,0,0,16
BRDA:37,0,1,8
BRDA:37,1,0,24
BRDA:37,1,1,22
BRDA:47,2,0,10
BRDA:47,2,1,6
BRDA:47,3,0,16
BRDA:47,3,1,6
BRDA:56,4,0,10
BRDA:56,4,1,0
BRDA:56,5,0,10
BRDA:56,5,1,10
BRDA:71,6,0,0
BRDA:71,6,1,12
BRDA:84,7,0,6
BRDA:84,7,1,6
BRDA:88,8,0,12
BRDA:88,8,1,6
BRDA:105,9,0,2
BRDA:105,9,1,10
BRDA:105,10,0,12
BRDA:105,10,1,6
BRF:22
BRH:20
end_of_record
TN:
SF:src/declare-cr-transclude-module.js
FN:5,declareCrTranscludeModule
FNF:1
FNH:1
FNDA:1,declareCrTranscludeModule
DA:6,1
DA:8,1
DA:10,1
LF:3
LH:3
BRF:0
BRH:0
end_of_record
